waiting to take filesystem lock on C:\Program Files\Microsoft Visual Studio\2022\Community\VC\vcpkg\.vcpkg-root...
Detecting compiler hash for triplet x64-windows...
Compiler found: C:/Program Files/Microsoft Visual Studio/2022/Community/VC/Tools/MSVC/14.44.35207/bin/Hostx64/x64/cl.exe
The following packages are already installed:
  * brotli:x64-windows@1.2.0 -- git+https://github.com/microsoft/vcpkg@0fb79bb13588702a9e06057745b4aed95ce5c861
  * bzip2[core,tool]:x64-windows@1.0.8#6 -- git+https://github.com/microsoft/vcpkg@2d029da682847c5ebdc54e4dbea001331a02207e
  * freetype[brotli,bzip2,core,png,zlib]:x64-windows@2.13.3 -- git+https://github.com/microsoft/vcpkg@8a2c633dcc14eaabdb31cf4637242f4e3c2f3fa2
  * libogg:x64-windows@1.3.6#1 -- git+https://github.com/microsoft/vcpkg@0631c72b35b0e169220b9c0fa9a6af4b229268cb
  * libpng:x64-windows@1.6.50 -- git+https://github.com/microsoft/vcpkg@54b6eefbef1cb0f477c6eb54e2236badd140feea
  * libvorbis:x64-windows@1.3.7#4 -- git+https://github.com/microsoft/vcpkg@149b8037ad8023f0f1b130616cf1a90238083cb0
    sdl2:x64-windows@2.32.10 -- git+https://github.com/microsoft/vcpkg@af36a2c0ace7069e28bded20480ebbaf4e9c6e98
    sdl2-image:x64-windows@2.8.8#2 -- git+https://github.com/microsoft/vcpkg@3e390ce4c736f698cd4e670d27fd9bca4185d047
    sdl2-mixer[core,wavpack]:x64-windows@2.8.1#2 -- git+https://github.com/microsoft/vcpkg@ee2053a681764a5fda41536fee42df58397d0c37
    sdl2-ttf:x64-windows@2.24.0 -- git+https://github.com/microsoft/vcpkg@995d7a81d6f8f61f36c7ea9e09da414a824c15b1
  * vcpkg-cmake:x64-windows@2024-04-23 -- git+https://github.com/microsoft/vcpkg@e74aa1e8f93278a8e71372f1fa08c3df420eb840
  * vcpkg-cmake-config:x64-windows@2024-05-23 -- git+https://github.com/microsoft/vcpkg@97a63e4bc1a17422ffe4eff71da53b4b561a7841
  * wavpack:x64-windows@5.8.1#2 -- git+https://github.com/microsoft/vcpkg@b603a10c5e86fb4292408142d35f904b1e9d4e75
  * zlib:x64-windows@1.3.1 -- git+https://github.com/microsoft/vcpkg@3f05e04b9aededb96786a911a16193cdb711f0c9
sdl2 provides CMake targets:

    find_package(SDL2 CONFIG REQUIRED)
    target_link_libraries(main
        PRIVATE
        $<TARGET_NAME_IF_EXISTS:SDL2::SDL2main>
        $<IF:$<TARGET_EXISTS:SDL2::SDL2>,SDL2::SDL2,SDL2::SDL2-static>
    )

sdl2-image provides CMake targets:

    find_package(SDL2_image CONFIG REQUIRED)
    target_link_libraries(main PRIVATE $<IF:$<TARGET_EXISTS:SDL2_image::SDL2_image>,SDL2_image::SDL2_image,SDL2_image::SDL2_image-static>)

sdl2-mixer provides CMake targets:

    find_package(SDL2_mixer CONFIG REQUIRED)
    target_link_libraries(main PRIVATE $<IF:$<TARGET_EXISTS:SDL2_mixer::SDL2_mixer>,SDL2_mixer::SDL2_mixer,SDL2_mixer::SDL2_mixer-static>)

sdl2-ttf provides CMake targets:

    find_package(SDL2_ttf CONFIG REQUIRED)
    target_link_libraries(main PRIVATE $<IF:$<TARGET_EXISTS:SDL2_ttf::SDL2_ttf>,SDL2_ttf::SDL2_ttf,SDL2_ttf::SDL2_ttf-static>)

All requested installations completed successfully in: 616 us
